{
  "start": "2025-01-19T11:46:53.413Z",
  "end": "2025-01-19T11:46:56.068Z",
  "capabilities": {
    "acceptInsecureCerts": false,
    "browserName": "chrome",
    "browserVersion": "131.0.6778.265",
    "chrome": {
      "chromedriverVersion": "131.0.6778.265 (52de4bc8cd46eefa5be2eff17f608b0d30b754ef-refs/branch-heads/6778@{#4324})",
      "userDataDir": "C:\\Users\\bilik\\AppData\\Local\\Temp\\scoped_dir9244_42272113"
    },
    "fedcm:accounts": true,
    "goog:chromeOptions": {
      "debuggerAddress": "localhost:49957"
    },
    "networkConnectionEnabled": false,
    "pageLoadStrategy": "normal",
    "platformName": "windows",
    "proxy": {},
    "setWindowRect": true,
    "strictFileInteractability": false,
    "timeouts": {
      "implicit": 0,
      "pageLoad": 300000,
      "script": 30000
    },
    "unhandledPromptBehavior": "ignore",
    "webSocketUrl": "ws://localhost:49946/session/31b84581a21800b1f42f19d40e0fe1ba",
    "webauthn:extension:credBlob": true,
    "webauthn:extension:largeBlob": true,
    "webauthn:extension:minPinLength": true,
    "webauthn:extension:prf": true,
    "webauthn:virtualAuthenticators": true,
    "wdio:driverPID": 9244,
    "sessionId": "31b84581a21800b1f42f19d40e0fe1ba"
  },
  "host": "localhost",
  "port": 49946,
  "framework": "mocha",
  "mochaOpts": {
    "timeout": 60000,
    "ui": "bdd"
  },
  "duration": 2655,
  "suites": [
    {
      "title": "My Login application",
      "duration": 2514,
      "start": "2025-01-19T11:46:53.419Z",
      "end": "2025-01-19T11:46:55.933Z",
      "tests": [
        {
          "title": "should login with valid credentials",
          "start": "2025-01-19T11:46:53.419Z",
          "end": "2025-01-19T11:46:55.933Z",
          "duration": 2514,
          "state": "passed",
          "screenshots": [
            "D:\\Work\\forLQ\\reports\\report\\file-1737287216028.jpeg"
          ]
        }
      ],
      "hooks": []
    }
  ],
  "specs": [
    "file:///D:/Work/forLQ/test/specs/test.e2e.js"
  ],
  "state": {
    "passed": 1,
    "failed": 0,
    "skipped": 0
  }
}